<?xml version="1.0" encoding="UTF-8"?>
<!-- Generated by org.testng.reporters.JUnitXMLReporter -->
<testsuite ignored="0" hostname="LAPTOP-8N3215D7" failures="0" tests="4" name="Default test" time="16.842" errors="0" timestamp="2023-03-14T01:09:41 IST">
  <testcase classname="testCases.DemoWebShopTesting" name="validateTheUserAccountID" time="0.038"/>
  <testcase classname="testCases.DemoWebShopTesting" name="validateTheMessageWhenProductIsAddedToCart" time="3.047"/>
  <testcase classname="testCases.DemoWebShopTesting" name="validateCODMessage" time="5.374"/>
  <testcase classname="testCases.DemoWebShopTesting" name="validateOrderSuccessMessage" time="1.071"/>
</testsuite> <!-- Default test -->
