<?xml version="1.0" encoding="UTF-8"?>
<testng-results ignored="0" total="4" passed="4" failed="0" skipped="0">
  <reporter-output>
  </reporter-output>
  <suite started-at="2023-03-14T01:09:25 IST" name="Default suite" finished-at="2023-03-14T01:09:41 IST" duration-ms="16842">
    <groups>
    </groups>
    <test started-at="2023-03-14T01:09:25 IST" name="Default test" finished-at="2023-03-14T01:09:41 IST" duration-ms="16842">
      <class name="testCases.DemoWebShopTesting">
        <test-method is-config="true" signature="login()[pri:0, instance:testCases.DemoWebShopTesting@747ddf94]" started-at="2023-03-14T01:09:25 IST" name="login" finished-at="2023-03-14T01:09:32 IST" duration-ms="7076" status="PASS">
          <reporter-output>
          </reporter-output>
        </test-method> <!-- login -->
        <test-method signature="validateTheUserAccountID()[pri:1, instance:testCases.DemoWebShopTesting@747ddf94]" started-at="2023-03-14T01:09:32 IST" name="validateTheUserAccountID" finished-at="2023-03-14T01:09:32 IST" duration-ms="38" status="PASS">
          <reporter-output>
          </reporter-output>
        </test-method> <!-- validateTheUserAccountID -->
        <test-method signature="validateTheMessageWhenProductIsAddedToCart()[pri:2, instance:testCases.DemoWebShopTesting@747ddf94]" started-at="2023-03-14T01:09:32 IST" name="validateTheMessageWhenProductIsAddedToCart" finished-at="2023-03-14T01:09:35 IST" duration-ms="3047" status="PASS">
          <reporter-output>
          </reporter-output>
        </test-method> <!-- validateTheMessageWhenProductIsAddedToCart -->
        <test-method signature="validateCODMessage()[pri:3, instance:testCases.DemoWebShopTesting@747ddf94]" started-at="2023-03-14T01:09:35 IST" name="validateCODMessage" finished-at="2023-03-14T01:09:40 IST" duration-ms="5374" status="PASS">
          <reporter-output>
          </reporter-output>
        </test-method> <!-- validateCODMessage -->
        <test-method signature="validateOrderSuccessMessage()[pri:4, instance:testCases.DemoWebShopTesting@747ddf94]" started-at="2023-03-14T01:09:40 IST" name="validateOrderSuccessMessage" finished-at="2023-03-14T01:09:41 IST" duration-ms="1071" status="PASS">
          <reporter-output>
          </reporter-output>
        </test-method> <!-- validateOrderSuccessMessage -->
        <test-method is-config="true" signature="tearDown()[pri:0, instance:testCases.DemoWebShopTesting@747ddf94]" started-at="2023-03-14T01:09:41 IST" name="tearDown" finished-at="2023-03-14T01:09:41 IST" duration-ms="182" status="PASS">
          <reporter-output>
          </reporter-output>
        </test-method> <!-- tearDown -->
      </class> <!-- testCases.DemoWebShopTesting -->
    </test> <!-- Default test -->
  </suite> <!-- Default suite -->
</testng-results>
